0 info it worked if it ends with ok
1 verbose cli [ '/usr/local/Cellar/node/6.2.1/bin/node',
1 verbose cli   '/Users/jgesualdo/.npm-packages/bin/npm',
1 verbose cli   'publish' ]
2 info using npm@3.9.6
3 info using node@v6.2.1
4 verbose publish [ '.' ]
5 silly cache add args [ '.', null ]
6 verbose cache add spec .
7 silly cache add parsed spec Result {
7 silly cache add   raw: '.',
7 silly cache add   scope: null,
7 silly cache add   name: null,
7 silly cache add   rawSpec: '.',
7 silly cache add   spec: '/Users/jgesualdo/code/node/modules/get-youtube-subtitle-url-node',
7 silly cache add   type: 'directory' }
8 verbose addLocalDirectory /Users/jgesualdo/.npm/@joegesualdo/get-youtube-subtitle-url-node/0.0.2/package.tgz not in flight; packing
9 verbose correctMkdir /Users/jgesualdo/.npm correctMkdir not in flight; initializing
10 info lifecycle @joegesualdo/get-youtube-subtitle-url-node@0.0.2~prepublish: @joegesualdo/get-youtube-subtitle-url-node@0.0.2
11 silly lifecycle @joegesualdo/get-youtube-subtitle-url-node@0.0.2~prepublish: no script for prepublish, continuing
12 verbose tar pack [ '/Users/jgesualdo/.npm/@joegesualdo/get-youtube-subtitle-url-node/0.0.2/package.tgz',
12 verbose tar pack   '/Users/jgesualdo/code/node/modules/get-youtube-subtitle-url-node' ]
13 verbose tarball /Users/jgesualdo/.npm/@joegesualdo/get-youtube-subtitle-url-node/0.0.2/package.tgz
14 verbose folder /Users/jgesualdo/code/node/modules/get-youtube-subtitle-url-node
15 verbose addLocalTarball adding from inside cache /Users/jgesualdo/.npm/@joegesualdo/get-youtube-subtitle-url-node/0.0.2/package.tgz
16 verbose correctMkdir /Users/jgesualdo/.npm correctMkdir not in flight; initializing
17 silly cache afterAdd @joegesualdo/get-youtube-subtitle-url-node@0.0.2
18 verbose afterAdd /Users/jgesualdo/.npm/@joegesualdo/get-youtube-subtitle-url-node/0.0.2/package/package.json not in flight; writing
19 verbose correctMkdir /Users/jgesualdo/.npm correctMkdir not in flight; initializing
20 verbose afterAdd /Users/jgesualdo/.npm/@joegesualdo/get-youtube-subtitle-url-node/0.0.2/package/package.json written
21 silly publish { name: '@joegesualdo/get-youtube-subtitle-url-node',
21 silly publish   version: '0.0.2',
21 silly publish   description: 'Get the url for a youtube video\'s subtitles.',
21 silly publish   repository:
21 silly publish    { type: 'git',
21 silly publish      url: 'git+https://github.com/joegesualdo/get-youtube-subtitle-url-node.git' },
21 silly publish   main: './index.js',
21 silly publish   scripts: {},
21 silly publish   keywords: [ 'youtube', 'subtitles', 'cc' ],
21 silly publish   author: { name: 'Joe Gesualdo', email: 'joegesualdo@gmail.com' },
21 silly publish   license: 'MIT',
21 silly publish   devDependencies: { ava: '^0.15.2' },
21 silly publish   dependencies: { 'python-shell': '^0.4.0' },
21 silly publish   readme: '## get-youtube-subtitle-url [![Build Status](https://travis-ci.org/joegesualdo/get-youtube-subtitle-url-node.svg?branch=master)](https://travis-ci.org/joegesualdo/get-youtube-subtitle-url-node)\n> Get the url for a youtube video\'s subtitles.\n\n## Install\n```\n$ npm install --save @joegesualdo/get-youtube-subtitle-url-node\n```\n\n## Usage\n```javascript\nimport getYoutubeSubtitleUrl from \'@joegesualdo/get-youtube-subtitle-url-node\';\n\nconst videoId =\'7W-d2gtis7k\'\ngetYoutubeSubtitleUrl(\'TImPW-khOww\')\n.then((result) => {\n  console.log(result)\n  // {\n  //   automaticallyGenerated: false,\n  //   url: \'https://www.youtube.com/api/timedtext?lang=en&fmt=vtt&name=&v=TImPW-khOww\'\n  // }\n})\n.catch(err => {\n  // Executed if subtitles are not available for this video.\n})\n```\n\n## API\n### `getYoutubeSubtitleUrl(videoId)`\n> Fetches the url for the subtitles \n\n| Name | Type | Description |\n|------|------|-------------|\n| videoId | `String` | The id of the youtube video |\n\nReturns: `Object`, with the url and whether or not the subtitles were automatically generated.\n\n```javascript\nimport getYoutubeSubtitleUrl from \'@joegesualdo/get-youtube-subtitle-url-node\';\n\nconst videoId =\'TImPW-khOww\'\ngetYoutubeSubtitleUrl(\'TImPW-khOww\')\n.then((result) => {\n  console.log(result)\n  // {\n  //   automaticallyGenerated: false,\n  //   url: \'https://www.youtube.com/api/timedtext?lang=en&fmt=vtt&name=&v=TImPW-khOww\'\n  // }\n})\n.catch(err => {\n  // Executed if subtitles are not available for this video.\n})\n```\n## Test\n```\n$ npm test\n```\n## License\nMIT © [Joe Gesualdo]()\n',
21 silly publish   readmeFilename: 'readme.md',
21 silly publish   gitHead: '21328975e7c15cefaf709bf4da22530fcd4edb3d',
21 silly publish   bugs: { url: 'https://github.com/joegesualdo/get-youtube-subtitle-url-node/issues' },
21 silly publish   homepage: 'https://github.com/joegesualdo/get-youtube-subtitle-url-node#readme',
21 silly publish   _id: '@joegesualdo/get-youtube-subtitle-url-node@0.0.2',
21 silly publish   _shasum: '4ebd9418dd6aadde6482753f7d13399697d4ca86',
21 silly publish   _from: '.' }
22 verbose getPublishConfig undefined
23 silly mapToRegistry name @joegesualdo/get-youtube-subtitle-url-node
24 silly mapToRegistry scope (from package name) @joegesualdo
25 verbose mapToRegistry no registry URL found in name for scope @joegesualdo
26 silly mapToRegistry using default registry
27 silly mapToRegistry registry https://registry.npmjs.org/
28 silly mapToRegistry data Result {
28 silly mapToRegistry   raw: '@joegesualdo/get-youtube-subtitle-url-node',
28 silly mapToRegistry   scope: '@joegesualdo',
28 silly mapToRegistry   name: '@joegesualdo/get-youtube-subtitle-url-node',
28 silly mapToRegistry   rawSpec: '',
28 silly mapToRegistry   spec: 'latest',
28 silly mapToRegistry   type: 'tag' }
29 silly mapToRegistry uri https://registry.npmjs.org/@joegesualdo%2fget-youtube-subtitle-url-node
30 verbose publish registryBase https://registry.npmjs.org/
31 silly publish uploading /Users/jgesualdo/.npm/@joegesualdo/get-youtube-subtitle-url-node/0.0.2/package.tgz
32 verbose request uri https://registry.npmjs.org/@joegesualdo%2fget-youtube-subtitle-url-node
33 verbose request sending authorization for write operation
34 info attempt registry request try #1 at 2:14:16 PM
35 verbose request using bearer token for auth
36 verbose request id c6fb254f01127c05
37 http request PUT https://registry.npmjs.org/@joegesualdo%2fget-youtube-subtitle-url-node
38 http 403 https://registry.npmjs.org/@joegesualdo%2fget-youtube-subtitle-url-node
39 verbose headers { 'content-type': 'application/json',
39 verbose headers   'cache-control': 'max-age=0',
39 verbose headers   'content-length': '95',
39 verbose headers   'accept-ranges': 'bytes',
39 verbose headers   date: 'Mon, 25 Jul 2016 18:14:17 GMT',
39 verbose headers   via: '1.1 varnish',
39 verbose headers   connection: 'keep-alive',
39 verbose headers   'x-served-by': 'cache-iad2139-IAD',
39 verbose headers   'x-cache': 'MISS',
39 verbose headers   'x-cache-hits': '0',
39 verbose headers   'x-timer': 'S1469470456.361199,VS0,VE1196' }
40 verbose request invalidating /Users/jgesualdo/.npm/registry.npmjs.org/_40joegesualdo_252fget-youtube-subtitle-url-node on PUT
41 error publish Failed PUT 403
42 verbose stack Error: "You cannot publish over the previously published version 0.0.2." : @joegesualdo/get-youtube-subtitle-url-node
42 verbose stack     at makeError (/Users/jgesualdo/.npm-packages/lib/node_modules/npm/node_modules/npm-registry-client/lib/request.js:264:12)
42 verbose stack     at CachingRegistryClient.<anonymous> (/Users/jgesualdo/.npm-packages/lib/node_modules/npm/node_modules/npm-registry-client/lib/request.js:252:14)
42 verbose stack     at Request._callback (/Users/jgesualdo/.npm-packages/lib/node_modules/npm/node_modules/npm-registry-client/lib/request.js:172:14)
42 verbose stack     at Request.self.callback (/Users/jgesualdo/.npm-packages/lib/node_modules/npm/node_modules/request/request.js:200:22)
42 verbose stack     at emitTwo (events.js:106:13)
42 verbose stack     at Request.emit (events.js:191:7)
42 verbose stack     at Request.<anonymous> (/Users/jgesualdo/.npm-packages/lib/node_modules/npm/node_modules/request/request.js:1067:10)
42 verbose stack     at emitOne (events.js:101:20)
42 verbose stack     at Request.emit (events.js:188:7)
42 verbose stack     at IncomingMessage.<anonymous> (/Users/jgesualdo/.npm-packages/lib/node_modules/npm/node_modules/request/request.js:988:12)
43 verbose statusCode 403
44 verbose pkgid @joegesualdo/get-youtube-subtitle-url-node
45 verbose cwd /Users/jgesualdo/code/node/modules/get-youtube-subtitle-url-node
46 error Darwin 15.6.0
47 error argv "/usr/local/Cellar/node/6.2.1/bin/node" "/Users/jgesualdo/.npm-packages/bin/npm" "publish"
48 error node v6.2.1
49 error npm  v3.9.6
50 error code E403
51 error "You cannot publish over the previously published version 0.0.2." : @joegesualdo/get-youtube-subtitle-url-node
52 error If you need help, you may report this error at:
52 error     <https://github.com/npm/npm/issues>
53 verbose exit [ 1, true ]
